c:\users\saïtama\source\repos\mlp_cuda\mlp_cuda\x64\debug\denseblock.cu.obj
c:\users\saïtama\source\repos\mlp_cuda\mlp_cuda\x64\debug\functions.cu.obj
c:\users\saïtama\source\repos\mlp_cuda\mlp_cuda\x64\debug\main.cu.obj
c:\users\saïtama\source\repos\mlp_cuda\mlp_cuda\x64\debug\matrix.cu.obj
c:\users\saïtama\source\repos\mlp_cuda\mlp_cuda\x64\debug\mlp.cu.obj
c:\users\saïtama\source\repos\mlp_cuda\mlp_cuda\x64\debug\trainerclassifier.cu.obj
c:\users\saïtama\source\repos\mlp_cuda\x64\debug\mlp_cuda.exe
c:\users\saïtama\source\repos\mlp_cuda\x64\debug\mlp_cuda.pdb
c:\users\saïtama\source\repos\mlp_cuda\x64\debug\mlp_cuda.lib
c:\users\saïtama\source\repos\mlp_cuda\x64\debug\mlp_cuda.exp
c:\users\saïtama\source\repos\mlp_cuda\mlp_cuda\x64\debug\mlp_cuda.ilk
c:\users\saïtama\source\repos\mlp_cuda\mlp_cuda\x64\debug\denseblock.cu.cache
c:\users\saïtama\source\repos\mlp_cuda\mlp_cuda\x64\debug\functions.cu.cache
c:\users\saïtama\source\repos\mlp_cuda\mlp_cuda\x64\debug\main.cu.cache
c:\users\saïtama\source\repos\mlp_cuda\mlp_cuda\x64\debug\matrix.cu.cache
c:\users\saïtama\source\repos\mlp_cuda\mlp_cuda\x64\debug\mlp.cu.cache
c:\users\saïtama\source\repos\mlp_cuda\mlp_cuda\x64\debug\trainerclassifier.cu.cache
c:\users\saïtama\source\repos\mlp_cuda\mlp_cuda\x64\debug\vc143.pdb
c:\users\saïtama\source\repos\mlp_cuda\mlp_cuda\x64\debug\mlp_cuda.tlog\cudacompile.read.1u.tlog
c:\users\saïtama\source\repos\mlp_cuda\mlp_cuda\x64\debug\mlp_cuda.tlog\cudacompile.write.1u.tlog
c:\users\saïtama\source\repos\mlp_cuda\mlp_cuda\x64\debug\mlp_cuda.tlog\link.command.1.tlog
c:\users\saïtama\source\repos\mlp_cuda\mlp_cuda\x64\debug\mlp_cuda.tlog\link.read.1.tlog
c:\users\saïtama\source\repos\mlp_cuda\mlp_cuda\x64\debug\mlp_cuda.tlog\link.secondary.1.tlog
c:\users\saïtama\source\repos\mlp_cuda\mlp_cuda\x64\debug\mlp_cuda.tlog\link.write.1.tlog
